Flutter crash report.
Please report a bug at https://github.com/flutter/flutter/issues.

## command

flutter run --machine --target lib/main.dart -d chrome --dart-define=flutter.inspector.structuredErrors=true --start-paused --web-server-debug-protocol ws --web-allow-expose-url --devtools-server-address http://127.0.0.1:9100/ --web-renderer=auto

## exception

ProcessException: ProcessException: Too many open files in system
  Command: /Applications/Google Chrome.app/Contents/MacOS/Google Chrome --version

```
#0      _ProcessImpl._start (dart:io-patch/process_patch.dart:390:33)
#1      Process.start (dart:io-patch/process_patch.dart:36:20)
#2      _runNonInteractiveProcess (dart:io-patch/process_patch.dart:565:18)
#3      Process.run (dart:io-patch/process_patch.dart:47:12)
#4      LocalProcessManager.run (package:process/src/interface/local_process_manager.dart:64:20)
#5      ErrorHandlingProcessManager.run.<anonymous closure> (package:flutter_tools/src/base/error_handling_io.dart:618:33)
#6      _run (package:flutter_tools/src/base/error_handling_io.dart:532:20)
#7      ErrorHandlingProcessManager.run (package:flutter_tools/src/base/error_handling_io.dart:618:12)
#8      GoogleChromeDevice._computeSdkNameAndVersion (package:flutter_tools/src/web/web_device.dart:221:58)
#9      GoogleChromeDevice.sdkNameAndVersion (package:flutter_tools/src/web/web_device.dart:200:78)
#10     RunCommand.usageValues (package:flutter_tools/src/commands/run.dart:363:42)
<asynchronous suspension>
#11     FlutterCommand.verifyThenRunCommand (package:flutter_tools/src/runner/flutter_command.dart:1151:15)
<asynchronous suspension>
#12     FlutterCommand.run.<anonymous closure> (package:flutter_tools/src/runner/flutter_command.dart:1009:27)
<asynchronous suspension>
#13     AppContext.run.<anonymous closure> (package:flutter_tools/src/base/context.dart:150:19)
<asynchronous suspension>
#14     AppContext.run (package:flutter_tools/src/base/context.dart:149:12)
<asynchronous suspension>
#15     CommandRunner.runCommand (package:args/command_runner.dart:197:13)
<asynchronous suspension>
#16     FlutterCommandRunner.runCommand.<anonymous closure> (package:flutter_tools/src/runner/flutter_command_runner.dart:278:9)
<asynchronous suspension>
#17     AppContext.run.<anonymous closure> (package:flutter_tools/src/base/context.dart:150:19)
<asynchronous suspension>
#18     AppContext.run (package:flutter_tools/src/base/context.dart:149:12)
<asynchronous suspension>
#19     FlutterCommandRunner.runCommand (package:flutter_tools/src/runner/flutter_command_runner.dart:234:5)
<asynchronous suspension>
#20     run.<anonymous closure>.<anonymous closure> (package:flutter_tools/runner.dart:64:9)
<asynchronous suspension>
#21     run.<anonymous closure> (package:flutter_tools/runner.dart:62:12)
<asynchronous suspension>
#22     AppContext.run.<anonymous closure> (package:flutter_tools/src/base/context.dart:150:19)
<asynchronous suspension>
#23     AppContext.run (package:flutter_tools/src/base/context.dart:149:12)
<asynchronous suspension>
#24     runInContext (package:flutter_tools/src/context_runner.dart:73:10)
<asynchronous suspension>
#25     main (package:flutter_tools/executable.dart:90:3)
<asynchronous suspension>
```

## flutter doctor

```
[✓] Flutter (Channel stable, 2.0.6, on macOS 11.3.1 20E241 darwin-x64, locale en-GB)
    • Flutter version 2.0.6 at /Users/joshuaogunnote/Desktop/flutter
    • Framework revision 1d9032c7e1 (3 weeks ago), 2021-04-29 17:37:58 -0700
    • Engine revision 05e680e202
    • Dart version 2.12.3

[!] Android toolchain - develop for Android devices (Android SDK version 30.0.3)
    • Android SDK at /Users/joshuaogunnote/Library/Android/sdk
    • Platform android-30, build-tools 30.0.3
    • Java binary at: /Applications/Android Studio.app/Contents/jre/jdk/Contents/Home/bin/java
    ✗ Could not determine java version

[!] Xcode - develop for iOS and macOS
    • Xcode at /Applications/Xcode.app/Contents/Developer
    • Xcode 12.5, Build version 12E262
    ✗ CocoaPods not installed.
        CocoaPods is used to retrieve the iOS and macOS platform side's plugin code that responds to your plugin usage on the Dart side.
        Without CocoaPods, plugins will not work on iOS or macOS.
        For more info, see https://flutter.dev/platform-plugins
      To install see https://guides.cocoapods.org/using/getting-started.html#installation for instructions.

[✓] Chrome - develop for the web
    • Chrome at /Applications/Google Chrome.app/Contents/MacOS/Google Chrome

[✓] Android Studio (version 4.2)
    • Android Studio at /Applications/Android Studio.app/Contents
    • Flutter plugin can be installed from:
      🔨 https://plugins.jetbrains.com/plugin/9212-flutter
    • Dart plugin can be installed from:
      🔨 https://plugins.jetbrains.com/plugin/6351-dart
    • Java version OpenJDK Runtime Environment (build 11.0.8+10-b944.6916264)

[✓] VS Code (version 1.56.2)
    • VS Code at /Applications/Visual Studio Code.app/Contents
    • Flutter extension version 3.22.0

[☠] Connected device (the doctor check crashed)
    ✗ Due to an error, the doctor check did not complete. If the error message below is not helpful, please let us know about this issue at https://github.com/flutter/flutter/issues.
    ✗ ProcessException: Too many open files in system
        Command: /Applications/Google Chrome.app/Contents/MacOS/Google Chrome --version
    • #0      _ProcessImpl._start (dart:io-patch/process_patch.dart:390:33)
      #1      Process.start (dart:io-patch/process_patch.dart:36:20)
      #2      _runNonInteractiveProcess (dart:io-patch/process_patch.dart:565:18)
      #3      Process.run (dart:io-patch/process_patch.dart:47:12)
      #4      LocalProcessManager.run (package:process/src/interface/local_process_manager.dart:64:20)
      #5      ErrorHandlingProcessManager.run.<anonymous closure> (package:flutter_tools/src/base/error_handling_io.dart:618:33)
      #6      _run (package:flutter_tools/src/base/error_handling_io.dart:532:20)
      #7      ErrorHandlingProcessManager.run (package:flutter_tools/src/base/error_handling_io.dart:618:12)
      #8      GoogleChromeDevice._computeSdkNameAndVersion (package:flutter_tools/src/web/web_device.dart:221:58)
      #9      GoogleChromeDevice.sdkNameAndVersion (package:flutter_tools/src/web/web_device.dart:200:78)
      #10     Device.descriptions (package:flutter_tools/src/device.dart:757:25)
      <asynchronous suspension>


! Doctor found issues in 3 categories.
```
