Flutter crash report.
Please report a bug at https://github.com/flutter/flutter/issues.

## command

flutter build ios

## exception

ProcessException: ProcessException: Process exited abnormally:
Command line invocation:
    /Applications/Xcode.app/Contents/Developer/usr/bin/xcodebuild -list

User defaults from command line:
    IDEPackageSupportUseBuiltinSCM = YES


2021-06-14 02:21:07.954 xcodebuild[36481:1893559] Error Domain=NSCocoaErrorDomain Code=3840 "No value." UserInfo={NSDebugDescription=No value.}
xcodebuild: error: Unable to read project 'Runner.xcodeproj'.
	Reason: The project ‘Runner’ is damaged and cannot be opened due to a parse error. Examine the project file for invalid edits or unresolved source control conflicts.

Path: /Users/joshuaogunnote/Desktop/newapp/ios/Runner.xcodeproj
  Command: xcrun xcodebuild -list

```
#0      RunResult.throwException (package:flutter_tools/src/base/process.dart:124:5)
#1      _DefaultProcessUtils.run (package:flutter_tools/src/base/process.dart:276:19)
<asynchronous suspension>
#2      XcodeProjectInterpreter.getInfo (package:flutter_tools/src/ios/xcodeproj.dart:470:30)
<asynchronous suspension>
#3      IosProject.projectInfo (package:flutter_tools/src/project.dart:619:29)
<asynchronous suspension>
#4      IosProject.buildSettingsForBuildInfo (package:flutter_tools/src/project.dart:601:35)
<asynchronous suspension>
#5      IosProject._parseProductBundleIdentifier (package:flutter_tools/src/project.dart:543:50)
<asynchronous suspension>
#6      IosProject.productBundleIdentifier (package:flutter_tools/src/project.dart:520:41)
<asynchronous suspension>
#7      BuildableIOSApp.fromProject (package:flutter_tools/src/ios/application_package.dart:118:36)
<asynchronous suspension>
#8      FlutterApplicationPackageFactory.getPackageForPlatform (package:flutter_tools/src/flutter_application_package.dart:83:15)
<asynchronous suspension>
#9      _BuildIOSSubCommand.buildableIOSApp (package:flutter_tools/src/commands/build_ios.dart:212:26)
<asynchronous suspension>
#10     _BuildIOSSubCommand.runCommand (package:flutter_tools/src/commands/build_ios.dart:244:33)
<asynchronous suspension>
#11     FlutterCommand.run.<anonymous closure> (package:flutter_tools/src/runner/flutter_command.dart:1043:27)
<asynchronous suspension>
#12     AppContext.run.<anonymous closure> (package:flutter_tools/src/base/context.dart:150:19)
<asynchronous suspension>
#13     CommandRunner.runCommand (package:args/command_runner.dart:196:13)
<asynchronous suspension>
#14     FlutterCommandRunner.runCommand.<anonymous closure> (package:flutter_tools/src/runner/flutter_command_runner.dart:284:9)
<asynchronous suspension>
#15     AppContext.run.<anonymous closure> (package:flutter_tools/src/base/context.dart:150:19)
<asynchronous suspension>
#16     FlutterCommandRunner.runCommand (package:flutter_tools/src/runner/flutter_command_runner.dart:232:5)
<asynchronous suspension>
#17     run.<anonymous closure>.<anonymous closure> (package:flutter_tools/runner.dart:62:9)
<asynchronous suspension>
#18     AppContext.run.<anonymous closure> (package:flutter_tools/src/base/context.dart:150:19)
<asynchronous suspension>
#19     main (package:flutter_tools/executable.dart:91:3)
<asynchronous suspension>
```

## flutter doctor

```
[✓] Flutter (Channel stable, 2.2.0, on macOS 11.3.1 20E241 darwin-x64, locale en-GB)
    • Flutter version 2.2.0 at /Users/joshuaogunnote/Desktop/flutter
    • Framework revision b22742018b (4 weeks ago), 2021-05-14 19:12:57 -0700
    • Engine revision a9d88a4d18
    • Dart version 2.13.0

[!] Android toolchain - develop for Android devices (Android SDK version 30.0.3)
    • Android SDK at /Users/joshuaogunnote/Library/Android/sdk
    • Platform android-30, build-tools 30.0.3
    • Java binary at: /Applications/Android Studio.app/Contents/jre/jdk/Contents/Home/bin/java
    • Java version OpenJDK Runtime Environment (build 11.0.8+10-b944.6916264)
    ✗ Android license status unknown.
      Run `flutter doctor --android-licenses` to accept the SDK licenses.
      See https://flutter.dev/docs/get-started/install/macos#android-setup for more details.

[✓] Xcode - develop for iOS and macOS
    • Xcode at /Applications/Xcode.app/Contents/Developer
    • Xcode 12.5, Build version 12E262
    • CocoaPods version 1.10.1

[✓] Chrome - develop for the web
    • Chrome at /Applications/Google Chrome.app/Contents/MacOS/Google Chrome

[✓] Android Studio (version 4.2)
    • Android Studio at /Applications/Android Studio.app/Contents
    • Flutter plugin can be installed from:
      🔨 https://plugins.jetbrains.com/plugin/9212-flutter
    • Dart plugin can be installed from:
      🔨 https://plugins.jetbrains.com/plugin/6351-dart
    • Java version OpenJDK Runtime Environment (build 11.0.8+10-b944.6916264)

[✓] VS Code (version 1.56.2)
    • VS Code at /Applications/Visual Studio Code.app/Contents
    • Flutter extension version 3.23.0

[✓] Connected device (2 available)
    • iPhone 12 (mobile) • 7015CE1B-FCD6-4B47-BBA3-7C2D5F2850CA • ios            •
      com.apple.CoreSimulator.SimRuntime.iOS-14-5 (simulator)
    • Chrome (web)       • chrome                               • web-javascript • Google Chrome
      91.0.4472.77

! Doctor found issues in 1 category.
```
